Fri Apr 26 2024 12:1:14 } [USM] info: Server running on port 5000
Fri Apr 26 2024 12:1:22 } [USM] info: GET /api/users
Fri Apr 26 2024 12:1:34 } [USM] info: POST /api/auth/login
Fri Apr 26 2024 12:1:54 } [USM] info: GET /api/user/662ab049add29363ccbc6d6a
Fri Apr 26 2024 12:2:7 } [USM] info: GET /api/users/662ab049add29363ccbc6d6a
Fri Apr 26 2024 12:2:17 } [USM] info: GET /api/users/662ab049add29363ccbc6d6a
Fri Apr 26 2024 12:3:9 } [USM] info: Server running on port 5000
Fri Apr 26 2024 12:12:49 } [USM] info: POST /api/auth/change-Password
Fri Apr 26 2024 12:13:24 } [USM] info: POST /api/auth/change-Password
Fri Apr 26 2024 12:14:3 } [USM] info: POST /api/auth/logout
Fri Apr 26 2024 12:15:30 } [USM] info: POST /api/auth/change-Password
Fri Apr 26 2024 12:15:32 } [USM] info: POST /api/auth/change-Password
Fri Apr 26 2024 12:15:33 } [USM] info: POST /api/auth/change-Password
Fri Apr 26 2024 12:15:33 } [USM] info: POST /api/auth/change-Password
Fri Apr 26 2024 12:15:34 } [USM] info: POST /api/auth/change-Password
Fri Apr 26 2024 12:15:34 } [USM] info: POST /api/auth/change-Password
Fri Apr 26 2024 12:15:35 } [USM] info: POST /api/auth/change-Password
Fri Apr 26 2024 12:16:51 } [USM] info: Server running on port 5000
Fri Apr 26 2024 12:17:13 } [USM] info: POST /api/auth/logout
Fri Apr 26 2024 12:17:44 } [USM] info: Server running on port 5000
Fri Apr 26 2024 12:18:54 } [USM] info: Server running on port 5000
Fri Apr 26 2024 12:19:9 } [USM] info: POST /api/auth/change-Password
Fri Apr 26 2024 12:19:10 } [USM] info: POST /api/auth/change-Password
Fri Apr 26 2024 12:19:11 } [USM] info: POST /api/auth/change-Password
Fri Apr 26 2024 12:19:15 } [USM] info: POST /api/auth/change-Password
Fri Apr 26 2024 12:19:56 } [USM] info: Server running on port 5000
Fri Apr 26 2024 12:20:26 } [USM] info: POST /api/auth/change-Password
Fri Apr 26 2024 12:20:27 } [USM] info: POST /api/auth/change-Password
Fri Apr 26 2024 12:20:28 } [USM] info: POST /api/auth/change-Password
Fri Apr 26 2024 12:20:28 } [USM] info: POST /api/auth/change-Password
Fri Apr 26 2024 12:20:29 } [USM] info: POST /api/auth/change-Password
Fri Apr 26 2024 12:20:30 } [USM] info: POST /api/auth/change-Password
Fri Apr 26 2024 12:23:51 } [USM] info: Server running on port 5000
Fri Apr 26 2024 12:23:53 } [USM] info: POST /api/auth/change-Password
Fri Apr 26 2024 12:24:17 } [USM] info: POST /api/auth/login
Fri Apr 26 2024 12:24:46 } [USM] info: POST /api/auth/change-Password
Fri Apr 26 2024 12:24:55 } [USM] info: POST /api/auth/change-Password
Fri Apr 26 2024 12:26:8 } [USM] info: Server running on port 5000
Fri Apr 26 2024 12:26:35 } [USM] info: Server running on port 5000
Fri Apr 26 2024 12:38:18 } [USM] info: Server running on port 5000
